<?xml version="1.0" encoding="UTF-8"?>
<!-- Generated by org.testng.reporters.JUnitReportReporter -->
<testsuite hostname="JVBRRR" failures="0" tests="1" name="scripts.Test0" time="0.013" errors="0" timestamp="2022-09-16T07:28:25 IST" skipped="0">
  <testcase classname="scripts.Test0" name="tc1" time="0.013"/>
  <system-out>
Hello java  </system-out>
</testsuite> <!-- scripts.Test0 -->
