<?xml version="1.0" encoding="UTF-8"?>
<!-- Generated by org.testng.reporters.JUnitReportReporter -->
<testsuite hostname="JVBRRR" failures="0" tests="1" name="scripts.Test1" time="0.000" errors="0" timestamp="2022-08-07T21:08:15 IST" skipped="0">
  <testcase classname="scripts.Test1" name="tc2" time="0.000"/>
  <system-out>
Hello selenium  </system-out>
</testsuite> <!-- scripts.Test1 -->
