<?xml version="1.0" encoding="UTF-8"?>
<!-- Generated by org.testng.reporters.JUnitReportReporter -->
<testsuite skipped="0" hostname="JVBRRR" name="debugging.Test3" tests="1" failures="0" timestamp="2022-08-09T19:56:02 IST" time="6.908" errors="0">
  <testcase name="demo" time="6.908" classname="debugging.Test3"/>
  <system-out/>
</testsuite> <!-- debugging.Test3 -->
